150323 15:52:27 mysqld_safe Starting mysqld daemon with databases from /da00/d05/kkpsi/mysql/data
150323 15:52:27 [Note] Plugin 'FEDERATED' is disabled.
150323 15:52:27 InnoDB: The InnoDB memory heap is disabled
150323 15:52:27 InnoDB: Mutexes and rw_locks use GCC atomic builtins
150323 15:52:27 InnoDB: Compressed tables use zlib 1.2.3
150323 15:52:27 InnoDB: Using Linux native AIO
150323 15:52:27 InnoDB: Initializing buffer pool, size = 128.0M
150323 15:52:28 InnoDB: Completed initialization of buffer pool
150323 15:52:28 InnoDB: highest supported file format is Barracuda.
InnoDB: 127 rollback segment(s) active.
150323 15:52:29  InnoDB: Waiting for the background threads to start
150323 15:52:30 InnoDB: 1.1.8 started; log sequence number 43665
150323 15:52:30 [ERROR] Can't open and lock privilege tables: Table 'mysql.servers' doesn't exist
150323 15:52:30 [ERROR] Native table 'performance_schema'.'events_waits_current' has the wrong structure
150323 15:52:30 [ERROR] Native table 'performance_schema'.'events_waits_history' has the wrong structure
150323 15:52:30 [ERROR] Native table 'performance_schema'.'events_waits_history_long' has the wrong structure
150323 15:52:30 [ERROR] Native table 'performance_schema'.'setup_consumers' has the wrong structure
150323 15:52:30 [ERROR] Native table 'performance_schema'.'setup_instruments' has the wrong structure
150323 15:52:30 [ERROR] Native table 'performance_schema'.'setup_timers' has the wrong structure
150323 15:52:30 [ERROR] Native table 'performance_schema'.'performance_timers' has the wrong structure
150323 15:52:30 [ERROR] Native table 'performance_schema'.'threads' has the wrong structure
150323 15:52:30 [ERROR] Native table 'performance_schema'.'events_waits_summary_by_thread_by_event_name' has the wrong structure
150323 15:52:30 [ERROR] Native table 'performance_schema'.'events_waits_summary_by_instance' has the wrong structure
150323 15:52:30 [ERROR] Native table 'performance_schema'.'events_waits_summary_global_by_event_name' has the wrong structure
150323 15:52:30 [ERROR] Native table 'performance_schema'.'file_summary_by_event_name' has the wrong structure
150323 15:52:30 [ERROR] Native table 'performance_schema'.'file_summary_by_instance' has the wrong structure
150323 15:52:30 [ERROR] Native table 'performance_schema'.'mutex_instances' has the wrong structure
150323 15:52:30 [ERROR] Native table 'performance_schema'.'rwlock_instances' has the wrong structure
150323 15:52:30 [ERROR] Native table 'performance_schema'.'cond_instances' has the wrong structure
150323 15:52:30 [ERROR] Native table 'performance_schema'.'file_instances' has the wrong structure
150323 15:52:30 [Note] /da00/d05/kkpsi/mysql/bin/mysqld: ready for connections.
Version: '5.5.18'  socket: '/da00/d05/kkpsi/mysql.sock'  port: 46468  MySQL Community Server (GPL)
150323 16:07:19 [Note] /da00/d05/kkpsi/mysql/bin/mysqld: Normal shutdown

150323 16:07:20  InnoDB: Starting shutdown...
150323 16:07:21  InnoDB: Shutdown completed; log sequence number 1588771
150323 16:07:21 [Note] /da00/d05/kkpsi/mysql/bin/mysqld: Shutdown complete

150323 16:07:21 mysqld_safe mysqld from pid file /da00/d05/kkpsi/mysql/data/vergil11.u.washington.edu.pid ended
150323 16:07:40 mysqld_safe Starting mysqld daemon with databases from /da00/d05/kkpsi/mysql/data
150323 16:07:40 [Note] Plugin 'FEDERATED' is disabled.
150323 16:07:40 InnoDB: The InnoDB memory heap is disabled
150323 16:07:40 InnoDB: Mutexes and rw_locks use GCC atomic builtins
150323 16:07:40 InnoDB: Compressed tables use zlib 1.2.3
150323 16:07:40 InnoDB: Using Linux native AIO
150323 16:07:40 InnoDB: Initializing buffer pool, size = 128.0M
150323 16:07:40 InnoDB: Completed initialization of buffer pool
150323 16:07:40 InnoDB: highest supported file format is Barracuda.
150323 16:07:41  InnoDB: Waiting for the background threads to start
150323 16:07:42 InnoDB: 1.1.8 started; log sequence number 1588771
150323 16:07:42 [Note] Event Scheduler: Loaded 0 events
150323 16:07:42 [Note] /da00/d05/kkpsi/mysql/bin/mysqld: ready for connections.
Version: '5.5.18'  socket: '/da00/d05/kkpsi/mysql.sock'  port: 46468  MySQL Community Server (GPL)
170511 17:10:50 [ERROR] /da00/d05/kkpsi/mysql/bin/mysqld: Can't find record in 'wp_postmeta'
170511 17:10:50 [ERROR] /da00/d05/kkpsi/mysql/bin/mysqld: Sort aborted: Can't find record in 'wp_postmeta'
170511 17:10:50 [ERROR] Got error 134 when reading table './wordpress/wp_postmeta'
