081001 16:16:06  mysqld started
InnoDB: The first specified data file ./ibdata1 did not exist:
InnoDB: a new database to be created!
081001 16:16:06  InnoDB: Setting file ./ibdata1 size to 10 MB
InnoDB: Database physically writes the file full: wait...
081001 16:16:08  InnoDB: Log file ./ib_logfile0 did not exist: new to be created
InnoDB: Setting log file ./ib_logfile0 size to 5 MB
InnoDB: Database physically writes the file full: wait...
081001 16:16:08  InnoDB: Log file ./ib_logfile1 did not exist: new to be created
InnoDB: Setting log file ./ib_logfile1 size to 5 MB
InnoDB: Database physically writes the file full: wait...
InnoDB: Doublewrite buffer not found: creating new
InnoDB: Doublewrite buffer created
InnoDB: Creating foreign key constraint system tables
InnoDB: Foreign key constraint system tables created
081001 16:16:10  InnoDB: Started; log sequence number 0 0
081001 16:16:10 [Note] /da00/d05/kkpsi/mysql/bin/mysqld: ready for connections.
Version: '5.0.45'  socket: '/da00/d05/kkpsi/mysql.sock'  port: 46468  MySQL Community Server (GPL)

Status information:

Current dir: /da00/d05/kkpsi/mysql/data/
Running threads: 0  Stack size: 126976
Current locks:
lock: 0x8aa4178:

lock: 0x8a28cc0:

lock: 0x8a9edf8:

lock: 0x8a997f8:

lock: 0x8a94c40:

lock: 0x8a92100:

lock: 0x8a86060:

lock: 0x8a69ef0:

lock: 0x8a29208:

lock: 0x8a50568:

lock: 0x8a7b438:

lock: 0x8a77cf0:

lock: 0x8a72408:

lock: 0x8a70020:

lock: 0x8a6df48:

lock: 0x8a637a8:

lock: 0x8a664b8:

lock: 0x8a60320:

lock: 0x8a57770:

lock: 0x89f3c80:

lock: 0x8a47128:

lock: 0x8a450c0:

lock: 0x8a43140:

lock: 0x8a41218:

lock: 0x8a3f7c0:

lock: 0x8a3ca88:

lock: 0x8a38508:

lock: 0x8a35db0:

lock: 0x8a33ef0:

lock: 0x8a319b0:

lock: 0x8a2f858:

lock: 0x8a17b60:

lock: 0x8a126b0:

lock: 0x8a0dda8:

lock: 0x8a01218:

lock: 0x89fd9c8:

lock: 0x89f8b38:


Key caches:
default
Buffer_size:       8388600
Block_size:           1024
Division_limit:        100
Age_limit:             300
blocks used:            51
not flushed:             0
w_requests:            340
writes:                309
r_requests:           1006
reads:                  51


handler status:
read_key:          198
read_next:         393
read_rnd           482
read_first:         75
write:             129
delete               4
update:             25

Table status:
Opened tables:         79
Open tables:           38
Open files:            75
Open streams:           0

Alarm status:
Active alarms:   0
Max used alarms: 2
Next alarm time: 0
090611 13:00:40 [Note] /da00/d05/kkpsi/mysql/bin/mysqld: Normal shutdown

090611 13:00:51  InnoDB: Starting shutdown...
090611 13:01:15  InnoDB: Shutdown completed; log sequence number 0 43655
090611 13:01:15 [Note] /da00/d05/kkpsi/mysql/bin/mysqld: Shutdown complete


Memory status:
Non-mmapped space allocated from system: 3883008
Number of free chunks:			 31
Number of fastbin blocks:		 0
Number of mmapped regions:		 10
Space in mmapped regions:		 22040576
Maximum total allocated space:		 0
Space available in freed fastbin blocks: 0
Total allocated space:			 3702368
Total free space:			 180640
Top-most, releasable space:		 102032
Estimated memory (with thread stack):    25923584

090611 13:01:16  mysqld ended

